<?xml version="1.0" encoding="UTF-8"?>
<!-- Generated by org.testng.reporters.JUnitReportReporter -->
<testsuite skipped="0" hostname="INHYIZLP12037" name="MavenGroup.MavenSample.OhrmAddEmployee" tests="2" failures="0" timestamp="30 Apr 2018 10:15:26 GMT" time="14.584" errors="0">
  <testcase name="AddEmployee" time="8.040" classname="MavenGroup.MavenSample.OhrmAddEmployee"/>
  <testcase name="Login" time="6.544" classname="MavenGroup.MavenSample.OhrmAddEmployee"/>
</testsuite> <!-- MavenGroup.MavenSample.OhrmAddEmployee -->
