<?xml version="1.0" encoding="UTF-8"?>
<!-- Generated by org.testng.reporters.JUnitReportReporter -->
<testsuite skipped="2" hostname="INHYIZLP12037" name="com.ohrm.grid.OhrmAddEmployee_POM_Grid" tests="3" failures="0" timestamp="30 Apr 2018 16:04:55 GMT" time="1.616" errors="1">
  <testcase name="Login" time="0.000" classname="com.ohrm.grid.OhrmAddEmployee_POM_Grid">
    <skipped/>
  </testcase> <!-- Login -->
  <testcase name="AddEmployee" time="0.000" classname="com.ohrm.grid.OhrmAddEmployee_POM_Grid">
    <skipped/>
  </testcase> <!-- AddEmployee -->
  <testcase name="openApplication" time="1.616" classname="com.ohrm.grid.OhrmAddEmployee_POM_Grid">
    <error type="org.openqa.selenium.WebDriverException" message="Unable to parse remote response: &lt;br /&gt;
&lt;b&gt;Deprecated&lt;/b&gt;:  Automatically populating $HTTP_RAW_POST_DATA is deprecated and will be removed in a future version. To avoid this warning set &#039;always_populate_raw_post_data&#039; to &#039;-1&#039; in php.ini and use the php://input stream instead. in &lt;b&gt;Unknown&lt;/b&gt; on line &lt;b&gt;0&lt;/b&gt;&lt;br /&gt;
&lt;!DOCTYPE html&gt;
&lt;html xmlns=&quot;http://www.w3.org/1999/xhtml&quot; xml:lang=&quot;en&quot; lang=&quot;en&quot;&gt;
    
    &lt;head&gt;

        &lt;title&gt;OrangeHRM&lt;/title&gt;
        
        &lt;meta http-equiv=&quot;Content-Type&quot; content=&quot;text/html; charset=utf-8&quot; /&gt;
                
        &lt;link rel=&quot;shortcut icon&quot; href=&quot;/webres_5786257bd7c8a5.72130757/themes/default/images/favicon.ico&quot; /&gt;
        
        &lt;!-- Library CSS files --&gt;
        &lt;link href=&quot;/webres_5786257bd7c8a5.72130757/themes/default/css/reset.css&quot; rel=&quot;stylesheet&quot; type=&quot;text/css&quot;/&gt;
        &lt;link href=&quot;/webres_5786257bd7c8a5.72130757/themes/default/css/tipTip.css&quot; rel=&quot;stylesheet&quot; type=&quot;text/css&quot;/&gt;
        &lt;link href=&quot;/webres_5786257bd7c8a5.72130757/themes/default/css/jquery/jquery-ui-1.8.21.custom.css&quot; rel=&quot;stylesheet&quot; type=&quot;text/css&quot;/&gt;
        &lt;link href=&quot;/webres_5786257bd7c8a5.72130757/themes/default/css/jquery/jquery.autocomplete.css&quot; rel=&quot;stylesheet&quot; type=&quot;text/css&quot;/&gt;
        
        &lt;!-- Custom CSS files --&gt;
        &lt;link href=&quot;/webres_5786257bd7c8a5.72130757/themes/default/css/main.css&quot; rel=&quot;stylesheet&quot; type=&quot;text/css&quot;/&gt;
        
        &lt;script type=&quot;text/javascript&quot; src=&quot;/webres_5786257bd7c8a5.72130757/js/jquery/jquery-1.7.2.min.js&quot;&gt;&lt;/script&gt;
&lt;script type=&quot;text/javascript&quot; src=&quot;/webres_5786257bd7c8a5.72130757/js/jquery/validate/jquery.validate.js&quot;&gt;&lt;/script&gt;
&lt;script type=&quot;text/javascript&quot; src=&quot;/webres_5786257bd7c8a5.72130757/js/jquery/jquery.ui.core.js&quot;&gt;&lt;/script&gt;
&lt;script type=&quot;text/javascript&quot; src=&quot;/webres_5786257bd7c8a5.72130757/js/jquery/jquery.autocomplete.js&quot;&gt;&lt;/script&gt;
&lt;script type=&quot;text/javascript&quot; src=&quot;/webres_5786257bd7c8a5.72130757/js/orangehrm.autocomplete.js&quot;&gt;&lt;/script&gt;
&lt;script type=&quot;text/javascript&quot; src=&quot;/webres_5786257bd7c8a5.72130757/js/jquery/jquery.ui.datepicker.js&quot;&gt;&lt;/script&gt;
&lt;script type=&quot;text/javascript&quot; src=&quot;/webres_5786257bd7c8a5.72130757/js/jquery/jquery.form.js&quot;&gt;&lt;/script&gt;
&lt;script type=&quot;text/javascript&quot; src=&quot;/webres_5786257bd7c8a5.72130757/js/jquery/jquery.tipTip.minified.js&quot;&gt;&lt;/script&gt;
&lt;script type=&quot;text/javascript&quot; src=&quot;/webres_5786257bd7c8a5.72130757/js/jquery/bootstrap-modal.js&quot;&gt;&lt;/script&gt;
&lt;script type=&quot;text/javascript&quot; src=&quot;/webres_5786257bd7c8a5.72130757/js/jquery/jquery.clickoutside.js&quot;&gt;&lt;/script&gt;
&lt;script type=&quot;text/javascript&quot; src=&quot;/webres_5786257bd7c8a5.72130757/js/orangehrm.validate.js&quot;&gt;&lt;/script&gt;
&lt;script type=&quot;text/javascript&quot; src=&quot;/webres_5786257bd7c8a5.72130757/js/archive.js&quot;&gt;&lt;/script&gt;
   
        
        &lt;!-- Le HTML5 shim, for IE6-8 support of HTML5 elements --&gt;
        &lt;!--[if lt IE 9]&gt;
            &lt;script src=&quot;http://html5shim.googlecode.com/svn/trunk/html5.js&quot;&gt;&lt;/script&gt;
        &lt;![endif]--&gt;        



    &lt;/head&gt;
    &lt;body&gt;
      
        &lt;div id=&quot;wrapper&quot;&gt;
            
            &lt;div id=&quot;content&quot;&gt;

                  &lt;style type=&quot;text/css&quot;&gt;

    body {
        background-color: #FFFFFF;
        height: 700px;
    }

    img {
        border: none;
    }
    #btnLogin {
        padding: 0;
    }
    input:not([type=&quot;image&quot;]) {
        background-color: transparent;
        border: none;
    }

    input:focus, select:focus, textarea:focus {
        background-color: transparent;
        border: none;
    }

    .textInputContainer {
        font-family: Arial, Helvetica, sans-serif;
        font-size: 11px;
        color: #666666;
    }

    #divLogin {
        background: transparent url(/webres_5786257bd7c8a5.72130757/themes/default/images/login/login.png) no-repeat center top;
        height: 520px;
        width: 100%;
        border-style: hidden;
        margin: auto;
        padding-left: 10px;
    }

    #divUsername {
        padding-top: 153px;
        padding-left: 50%;
    }

    #divPassword {
        padding-top: 35px;
        padding-left: 50%;
    }

    #txtUsername {
        width: 240px;
        border: 0px;
        background-color: transparent;
    }

    #txtPassword {
        width: 240px;
        border: 0px;
        background-color: transparent;
    }

    #txtUsername, #txtPassword {
        font-family: Arial, Helvetica, sans-serif;
        font-size: 11px;
        color: #666666;
        vertical-align: middle;
        padding-top:0;
    }
    
    #divLoginHelpLink {
        width: 270px;
        background-color: transparent;
        height: 20px;
        margin-top: 12px;
        margin-right: 0px;
        margin-bottom: 0px;
        margin-left: 50%;
    }

    #divLoginButton {
        padding-top: 2px;
        padding-left: 49.3%;
        float: left;
        width: 350px;
    }

    #btnLogin {
        background: url(/webres_5786257bd7c8a5.72130757/themes/default/images/login/Login_button.png) no-repeat;
        cursor:pointer;
        width: 94px;
        height: 26px;
        border: none;
        color:#FFFFFF;
        font-weight: bold;
        font-size: 13px;
    }

    #divLink {
        padding-left: 230px;
        padding-top: 105px;
        float: left;
    }

    #divLogo {
        padding-left: 30%;
        padding-top: 70px;
    }

    #spanMessage {
        background: transparent url(/webres_5786257bd7c8a5.72130757/themes/default/images/login/mark.png) no-repeat;
        padding-left: 18px; 
        padding-top: 0px;
        color: #DD7700;
        font-weight: bold;
    }
    
    #logInPanelHeading{
        position:absolute;
        padding-top:100px;
		padding-left:49.5%;
        font-family:sans-serif;
        font-size: 15px;
        color: #544B3C;
        font-weight: bold;
    }
    
    .form-hint {
    color: #878787;
    padding: 4px 8px;
    position: relative;
    left:-254px;
}

    
&lt;/style&gt;
&lt;div style=&quot;position: relative; top: 210px; left: 675px;&quot;&gt;
            &lt;font style=&quot;color:red; font-weight:bold;&quot;&gt;( Username : Admin | Password : admin )&lt;/font&gt;
        &lt;/div&gt;
&lt;div id=&quot;divLogin&quot;&gt;
    &lt;div id=&quot;divLogo&quot;&gt;
        &lt;img src=&quot;/webres_5786257bd7c8a5.72130757/themes/default/images/login/logo.png&quot; /&gt;
    &lt;/div&gt;

    &lt;form id=&quot;frmLogin&quot; method=&quot;post&quot; action=&quot;/index.php/auth/validateCredentials&quot;&gt;
        &lt;input type=&quot;hidden&quot; name=&quot;actionID&quot;/&gt;
        &lt;input type=&quot;hidden&quot; name=&quot;hdnUserTimeZoneOffset&quot; id=&quot;hdnUserTimeZoneOffset&quot; value=&quot;0&quot; /&gt;
        &lt;input type=&quot;hidden&quot; name=&quot;_csrf_token&quot; value=&quot;197bf9aba7f4abc48a613306e87f46d7&quot; id=&quot;csrf_token&quot; /&gt;        &lt;div id=&quot;logInPanelHeading&quot;&gt;LOGIN Panel&lt;/div&gt;

        &lt;div id=&quot;divUsername&quot; class=&quot;textInputContainer&quot;&gt;
            &lt;input name=&quot;txtUsername&quot; id=&quot;txtUsername&quot; type=&quot;text&quot; /&gt;          &lt;span class=&quot;form-hint&quot; &gt;Username&lt;/span&gt; 
        &lt;/div&gt;
        &lt;div id=&quot;divPassword&quot; class=&quot;textInputContainer&quot;&gt;
            &lt;input name=&quot;txtPassword&quot; id=&quot;txtPassword&quot; type=&quot;password&quot; /&gt;         &lt;span class=&quot;form-hint&quot; &gt;Password&lt;/span&gt;
        &lt;/div&gt;
        &lt;div id=&quot;divLoginHelpLink&quot;&gt;&lt;/div&gt;
        &lt;div id=&quot;divLoginButton&quot;&gt;
            &lt;input type=&quot;submit&quot; name=&quot;Submit&quot; class=&quot;button&quot; id=&quot;btnLogin&quot; value=&quot;LOGIN&quot; /&gt;
                    &lt;/div&gt;
    &lt;/form&gt;

&lt;/div&gt;

&lt;div style=&quot;text-align: center&quot;&gt;
    &lt;div style=&quot;text-align: center;padding: 10px;&quot;&gt;
    &lt;form id=&quot;openIDForm&quot; method=&quot;post&quot; action=&quot;/index.php/openidauth/openIdCredentials&quot; style=&quot;text-align: center&quot;&gt;

            &lt;/form&gt;
&lt;/div&gt;

&lt;style&gt;
    #openID{
        text-align: center;
        padding: 5px;
        margin-bottom: 5px;
    }
    #openIDForm{

    }
    #openIDForm input {
        background-color: red;
    }
&lt;/style&gt;

&lt;script type=&quot;text/javascript&quot;&gt;
    $(document).ready(function() {
        $(&#039;#openIdLogin&#039;).attr(&quot;disabled&quot;, &quot;disabled&quot;);
        $(&#039;#openIdProvider&#039;).change(function() {
            if ($(&quot;#openIdProvider option:selected&quot;).val() == &#039;&#039;) {
                $(&#039;#openIdLogin&#039;).attr(&quot;disabled&quot;, &quot;disabled&quot;);
            } else {
                $(&#039;#openIdLogin&#039;).removeAttr(&#039;disabled&#039;);
            }
        });
        
        $(&#039;#openIdLogin&#039;).click(function(){          
            $(&#039;#openIDForm&#039;).submit();
        });
    });
&lt;/script&gt;&lt;/div&gt;

&lt;div id=&quot;footer&quot; &gt;
    &lt;div&gt;
    OrangeHRM 3.3.1&lt;br/&gt;
&amp;copy; 2005 - 2018 &lt;a href=&quot;http://www.orangehrm.com&quot; target=&quot;_blank&quot;&gt;OrangeHRM, Inc&lt;/a&gt;. All rights reserved.
    &lt;/div&gt;
    &lt;div id=&quot;social-icons&quot;&gt;
        &lt;a href=&quot;http://www.linkedin.com/groups?home=&amp;amp;gid=891077&quot; target=&quot;_blank&quot;&gt;
            &lt;img src=&quot;/webres_5786257bd7c8a5.72130757/themes/default/images/login/linkedin.png&quot; alt=&quot;LinkedIn OrangeHRM group&quot;/&gt;&lt;/a&gt;&amp;nbsp;
        &lt;a href=&quot;http://www.facebook.com/OrangeHRM&quot; target=&quot;_blank&quot;&gt;
            &lt;img src=&quot;/webres_5786257bd7c8a5.72130757/themes/default/images/login/facebook.png&quot; alt=&quot;OrangeHRM on Facebook&quot;/&gt;&lt;/a&gt;&amp;nbsp;
        &lt;a href=&quot;http://twitter.com/orangehrm&quot; target=&quot;_blank&quot;&gt;
            &lt;img src=&quot;/webres_5786257bd7c8a5.72130757/themes/default/images/login/twiter.png&quot; alt=&quot;OrangeHRM on twitter&quot;/&gt;&lt;/a&gt;&amp;nbsp;
        &lt;a href=&quot;http://www.youtube.com/orangehrm&quot; target=&quot;_blank&quot;&gt;
            &lt;img src=&quot;/webres_5786257bd7c8a5.72130757/themes/default/images/login/youtube.png&quot; alt=&quot;OrangeHRM on youtube&quot;/&gt;&lt;/a&gt;&amp;nbsp;
    &lt;/div&gt;
&lt;/div&gt;

&lt;script type=&quot;text/javascript&quot;&gt;
    
    function calculateUserTimeZoneOffset() {
        var myDate = new Date();
        var offset = (-1) * myDate.getTimezoneOffset() / 60;
        return offset;
    }
            
    function addHint(inputObject, hintImageURL) {
        if (inputObject.val() == &#039;&#039;) {
            inputObject.css(&#039;background&#039;, &quot;url(&#039;&quot; + hintImageURL + &quot;&#039;) no-repeat 10px 3px&quot;);
        }
    }
            
    function removeHint() {
       $(&#039;.form-hint&#039;).css(&#039;display&#039;, &#039;none&#039;);
    }
    
    function showMessage(message) {
        if ($(&#039;#spanMessage&#039;).size() == 0) {
            $(&#039;&lt;span id=&quot;spanMessage&quot;&gt;&lt;/span&gt;&#039;).insertAfter(&#039;#btnLogin&#039;);
        }

        $(&#039;#spanMessage&#039;).html(message);
    }
    
    function validateLogin() {
        var isEmptyPasswordAllowed = false;
        
        if ($(&#039;#txtUsername&#039;).val() == &#039;&#039;) {
            showMessage(&#039;Username cannot be empty&#039;);
            return false;
        }
        
        if (!isEmptyPasswordAllowed) {
            if ($(&#039;#txtPassword&#039;).val() == &#039;&#039;) {
                showMessage(&#039;Password cannot be empty&#039;);
                return false;
            }
        }
        
        return true;
    }
    
    $(document).ready(function() {
        /*Set a delay to compatible with chrome browser*/
        setTimeout(checkSavedUsernames,100);
        
        $(&#039;#txtUsername&#039;).focus(function() {
            removeHint();
        });
        
        $(&#039;#txtPassword&#039;).focus(function() {
             removeHint();
        });
        
        $(&#039;.form-hint&#039;).click(function(){
            removeHint();
            $(&#039;#txtUsername&#039;).focus();
        });
        
        $(&#039;#hdnUserTimeZoneOffset&#039;).val(calculateUserTimeZoneOffset().toString());
        
        $(&#039;#frmLogin&#039;).submit(validateLogin);
        
    });

    function checkSavedUsernames(){
        if ($(&#039;#txtUsername&#039;).val() != &#039;&#039;) {
            removeHint();
        }
    }

    if (window.top.location.href != location.href) {
        window.top.location.href = location.href;
    }
&lt;/script&gt;

            &lt;/div&gt; &lt;!-- content --&gt;
          
        &lt;/div&gt; &lt;!-- wrapper --&gt;
        
 
        &lt;script type=&quot;text/javascript&quot;&gt;

            $(document).ready(function() {                            
                
                /* Enabling tooltips */
                $(&quot;.tiptip&quot;).tipTip();

                /* Toggling header menus */
                $(&quot;#welcome&quot;).click(function () {
                    $(&quot;#welcome-menu&quot;).slideToggle(&quot;fast&quot;);
                    $(this).toggleClass(&quot;activated-welcome&quot;);
                    return false;
                });
                
                $(&quot;#help&quot;).click(function () {
                    $(&quot;#help-menu&quot;).slideToggle(&quot;fast&quot;);
                    $(this).toggleClass(&quot;activated-help&quot;);
                    return false;
                });
                
                $(&#039;.panelTrigger&#039;).outside(&#039;click&#039;, function() {
                    $(&#039;.panelContainer&#039;).stop(true, true).slideUp(&#039;fast&#039;);
                });                

                /* 
                 * Button hovering effects 
                 * Note: we are not using pure css using :hover because :hover applies to even disabled elements.
                 * The pseudo class :enabled is not supported in IE &lt; 9.
                 */                
                $(document).on({
                    mouseenter: function () {
                        $(this).addClass(&#039;hover&#039;);                        
                    },
                    mouseleave: function () {
                        $(this).removeClass(&#039;hover&#039;);                        
                    }

                }, &#039;input[type=button], input[type=submit], input[type=reset]&#039;); 
  
                /* Fading out main messages */
                $(document).on({
                    click: function() {
                        $(this).parent(&#039;div.message&#039;).fadeOut(&quot;slow&quot;);
                    }
                }, &#039;.message a.messageCloseButton&#039;);                

                /* Toggling search form: Begins */
                //$(&quot;.toggableForm .inner&quot;).hide(); // Disabling this makes search forms to be expanded by default.

                $(&quot;.toggableForm .toggle&quot;).click(function () {
                    $(&quot;.toggableForm .inner&quot;).slideToggle(&#039;slow&#039;, function() {
                        if($(this).is(&#039;:hidden&#039;)) {
                            $(&#039;.toggableForm .tiptip&#039;).tipTip({content:&#039;Expand for Options&#039;});
                        } else {
                            $(&#039;.toggableForm .tiptip&#039;).tipTip({content:&#039;Hide Options&#039;});
                        }
                    });
                    $(this).toggleClass(&quot;activated&quot;);
                });
                /* Toggling search form: Ends */

                /* Enabling/disabling form fields: Begin */
                
                $(&#039;form.clickToEditForm input, form.clickToEditForm select, form.clickToEditForm textarea&#039;).attr(&#039;disabled&#039;, &#039;disabled&#039;);
                $(&#039;form.clickToEditForm input.calendar&#039;).datepicker(&#039;disable&#039;);
                $(&#039;form.clickToEditForm input[type=button]&#039;).removeAttr(&#039;disabled&#039;);
                
                $(&#039;form input.editButton&#039;).click(function(){
                    $(&#039;form.clickToEditForm input, form.clickToEditForm select, form.clickToEditForm textarea&#039;).removeAttr(&#039;disabled&#039;);
                    $(&#039;form.clickToEditForm input.calendar&#039;).datepicker(&#039;enable&#039;);
                });
                
                /* Enabling/disabling form fields: End */
                
            });
            
        &lt;/script&gt;        

    &lt;/body&gt;
    
&lt;/html&gt;


Build info: version: &#039;3.11.0&#039;, revision: &#039;e59cfb3&#039;, time: &#039;2018-03-11T20:26:55.152Z&#039;
System info: host: &#039;INHYIZLP12037&#039;, ip: &#039;192.168.43.133&#039;, os.name: &#039;Windows 10&#039;, os.arch: &#039;amd64&#039;, os.version: &#039;10.0&#039;, java.version: &#039;1.8.0_152&#039;
Driver info: driver.version: RemoteWebDriver">
      <![CDATA[org.openqa.selenium.WebDriverException: Unable to parse remote response: <br />
<b>Deprecated</b>:  Automatically populating $HTTP_RAW_POST_DATA is deprecated and will be removed in a future version. To avoid this warning set 'always_populate_raw_post_data' to '-1' in php.ini and use the php://input stream instead. in <b>Unknown</b> on line <b>0</b><br />
<!DOCTYPE html>
<html xmlns="http://www.w3.org/1999/xhtml" xml:lang="en" lang="en">
    
    <head>

        <title>OrangeHRM</title>
        
        <meta http-equiv="Content-Type" content="text/html; charset=utf-8" />
                
        <link rel="shortcut icon" href="/webres_5786257bd7c8a5.72130757/themes/default/images/favicon.ico" />
        
        <!-- Library CSS files -->
        <link href="/webres_5786257bd7c8a5.72130757/themes/default/css/reset.css" rel="stylesheet" type="text/css"/>
        <link href="/webres_5786257bd7c8a5.72130757/themes/default/css/tipTip.css" rel="stylesheet" type="text/css"/>
        <link href="/webres_5786257bd7c8a5.72130757/themes/default/css/jquery/jquery-ui-1.8.21.custom.css" rel="stylesheet" type="text/css"/>
        <link href="/webres_5786257bd7c8a5.72130757/themes/default/css/jquery/jquery.autocomplete.css" rel="stylesheet" type="text/css"/>
        
        <!-- Custom CSS files -->
        <link href="/webres_5786257bd7c8a5.72130757/themes/default/css/main.css" rel="stylesheet" type="text/css"/>
        
        <script type="text/javascript" src="/webres_5786257bd7c8a5.72130757/js/jquery/jquery-1.7.2.min.js"></script>
<script type="text/javascript" src="/webres_5786257bd7c8a5.72130757/js/jquery/validate/jquery.validate.js"></script>
<script type="text/javascript" src="/webres_5786257bd7c8a5.72130757/js/jquery/jquery.ui.core.js"></script>
<script type="text/javascript" src="/webres_5786257bd7c8a5.72130757/js/jquery/jquery.autocomplete.js"></script>
<script type="text/javascript" src="/webres_5786257bd7c8a5.72130757/js/orangehrm.autocomplete.js"></script>
<script type="text/javascript" src="/webres_5786257bd7c8a5.72130757/js/jquery/jquery.ui.datepicker.js"></script>
<script type="text/javascript" src="/webres_5786257bd7c8a5.72130757/js/jquery/jquery.form.js"></script>
<script type="text/javascript" src="/webres_5786257bd7c8a5.72130757/js/jquery/jquery.tipTip.minified.js"></script>
<script type="text/javascript" src="/webres_5786257bd7c8a5.72130757/js/jquery/bootstrap-modal.js"></script>
<script type="text/javascript" src="/webres_5786257bd7c8a5.72130757/js/jquery/jquery.clickoutside.js"></script>
<script type="text/javascript" src="/webres_5786257bd7c8a5.72130757/js/orangehrm.validate.js"></script>
<script type="text/javascript" src="/webres_5786257bd7c8a5.72130757/js/archive.js"></script>
   
        
        <!-- Le HTML5 shim, for IE6-8 support of HTML5 elements -->
        <!--[if lt IE 9]>
            <script src="http://html5shim.googlecode.com/svn/trunk/html5.js"></script>
        <![endif]-->        



    </head>
    <body>
      
        <div id="wrapper">
            
            <div id="content">

                  <style type="text/css">

    body {
        background-color: #FFFFFF;
        height: 700px;
    }

    img {
        border: none;
    }
    #btnLogin {
        padding: 0;
    }
    input:not([type="image"]) {
        background-color: transparent;
        border: none;
    }

    input:focus, select:focus, textarea:focus {
        background-color: transparent;
        border: none;
    }

    .textInputContainer {
        font-family: Arial, Helvetica, sans-serif;
        font-size: 11px;
        color: #666666;
    }

    #divLogin {
        background: transparent url(/webres_5786257bd7c8a5.72130757/themes/default/images/login/login.png) no-repeat center top;
        height: 520px;
        width: 100%;
        border-style: hidden;
        margin: auto;
        padding-left: 10px;
    }

    #divUsername {
        padding-top: 153px;
        padding-left: 50%;
    }

    #divPassword {
        padding-top: 35px;
        padding-left: 50%;
    }

    #txtUsername {
        width: 240px;
        border: 0px;
        background-color: transparent;
    }

    #txtPassword {
        width: 240px;
        border: 0px;
        background-color: transparent;
    }

    #txtUsername, #txtPassword {
        font-family: Arial, Helvetica, sans-serif;
        font-size: 11px;
        color: #666666;
        vertical-align: middle;
        padding-top:0;
    }
    
    #divLoginHelpLink {
        width: 270px;
        background-color: transparent;
        height: 20px;
        margin-top: 12px;
        margin-right: 0px;
        margin-bottom: 0px;
        margin-left: 50%;
    }

    #divLoginButton {
        padding-top: 2px;
        padding-left: 49.3%;
        float: left;
        width: 350px;
    }

    #btnLogin {
        background: url(/webres_5786257bd7c8a5.72130757/themes/default/images/login/Login_button.png) no-repeat;
        cursor:pointer;
        width: 94px;
        height: 26px;
        border: none;
        color:#FFFFFF;
        font-weight: bold;
        font-size: 13px;
    }

    #divLink {
        padding-left: 230px;
        padding-top: 105px;
        float: left;
    }

    #divLogo {
        padding-left: 30%;
        padding-top: 70px;
    }

    #spanMessage {
        background: transparent url(/webres_5786257bd7c8a5.72130757/themes/default/images/login/mark.png) no-repeat;
        padding-left: 18px; 
        padding-top: 0px;
        color: #DD7700;
        font-weight: bold;
    }
    
    #logInPanelHeading{
        position:absolute;
        padding-top:100px;
		padding-left:49.5%;
        font-family:sans-serif;
        font-size: 15px;
        color: #544B3C;
        font-weight: bold;
    }
    
    .form-hint {
    color: #878787;
    padding: 4px 8px;
    position: relative;
    left:-254px;
}

    
</style>
<div style="position: relative; top: 210px; left: 675px;">
            <font style="color:red; font-weight:bold;">( Username : Admin | Password : admin )</font>
        </div>
<div id="divLogin">
    <div id="divLogo">
        <img src="/webres_5786257bd7c8a5.72130757/themes/default/images/login/logo.png" />
    </div>

    <form id="frmLogin" method="post" action="/index.php/auth/validateCredentials">
        <input type="hidden" name="actionID"/>
        <input type="hidden" name="hdnUserTimeZoneOffset" id="hdnUserTimeZoneOffset" value="0" />
        <input type="hidden" name="_csrf_token" value="197bf9aba7f4abc48a613306e87f46d7" id="csrf_token" />        <div id="logInPanelHeading">LOGIN Panel</div>

        <div id="divUsername" class="textInputContainer">
            <input name="txtUsername" id="txtUsername" type="text" />          <span class="form-hint" >Username</span> 
        </div>
        <div id="divPassword" class="textInputContainer">
            <input name="txtPassword" id="txtPassword" type="password" />         <span class="form-hint" >Password</span>
        </div>
        <div id="divLoginHelpLink"></div>
        <div id="divLoginButton">
            <input type="submit" name="Submit" class="button" id="btnLogin" value="LOGIN" />
                    </div>
    </form>

</div>

<div style="text-align: center">
    <div style="text-align: center;padding: 10px;">
    <form id="openIDForm" method="post" action="/index.php/openidauth/openIdCredentials" style="text-align: center">

            </form>
</div>

<style>
    #openID{
        text-align: center;
        padding: 5px;
        margin-bottom: 5px;
    }
    #openIDForm{

    }
    #openIDForm input {
        background-color: red;
    }
</style>

<script type="text/javascript">
    $(document).ready(function() {
        $('#openIdLogin').attr("disabled", "disabled");
        $('#openIdProvider').change(function() {
            if ($("#openIdProvider option:selected").val() == '') {
                $('#openIdLogin').attr("disabled", "disabled");
            } else {
                $('#openIdLogin').removeAttr('disabled');
            }
        });
        
        $('#openIdLogin').click(function(){          
            $('#openIDForm').submit();
        });
    });
</script></div>

<div id="footer" >
    <div>
    OrangeHRM 3.3.1<br/>
&copy; 2005 - 2018 <a href="http://www.orangehrm.com" target="_blank">OrangeHRM, Inc</a>. All rights reserved.
    </div>
    <div id="social-icons">
        <a href="http://www.linkedin.com/groups?home=&amp;gid=891077" target="_blank">
            <img src="/webres_5786257bd7c8a5.72130757/themes/default/images/login/linkedin.png" alt="LinkedIn OrangeHRM group"/></a>&nbsp;
        <a href="http://www.facebook.com/OrangeHRM" target="_blank">
            <img src="/webres_5786257bd7c8a5.72130757/themes/default/images/login/facebook.png" alt="OrangeHRM on Facebook"/></a>&nbsp;
        <a href="http://twitter.com/orangehrm" target="_blank">
            <img src="/webres_5786257bd7c8a5.72130757/themes/default/images/login/twiter.png" alt="OrangeHRM on twitter"/></a>&nbsp;
        <a href="http://www.youtube.com/orangehrm" target="_blank">
            <img src="/webres_5786257bd7c8a5.72130757/themes/default/images/login/youtube.png" alt="OrangeHRM on youtube"/></a>&nbsp;
    </div>
</div>

<script type="text/javascript">
    
    function calculateUserTimeZoneOffset() {
        var myDate = new Date();
        var offset = (-1) * myDate.getTimezoneOffset() / 60;
        return offset;
    }
            
    function addHint(inputObject, hintImageURL) {
        if (inputObject.val() == '') {
            inputObject.css('background', "url('" + hintImageURL + "') no-repeat 10px 3px");
        }
    }
            
    function removeHint() {
       $('.form-hint').css('display', 'none');
    }
    
    function showMessage(message) {
        if ($('#spanMessage').size() == 0) {
            $('<span id="spanMessage"></span>').insertAfter('#btnLogin');
        }

        $('#spanMessage').html(message);
    }
    
    function validateLogin() {
        var isEmptyPasswordAllowed = false;
        
        if ($('#txtUsername').val() == '') {
            showMessage('Username cannot be empty');
            return false;
        }
        
        if (!isEmptyPasswordAllowed) {
            if ($('#txtPassword').val() == '') {
                showMessage('Password cannot be empty');
                return false;
            }
        }
        
        return true;
    }
    
    $(document).ready(function() {
        /*Set a delay to compatible with chrome browser*/
        setTimeout(checkSavedUsernames,100);
        
        $('#txtUsername').focus(function() {
            removeHint();
        });
        
        $('#txtPassword').focus(function() {
             removeHint();
        });
        
        $('.form-hint').click(function(){
            removeHint();
            $('#txtUsername').focus();
        });
        
        $('#hdnUserTimeZoneOffset').val(calculateUserTimeZoneOffset().toString());
        
        $('#frmLogin').submit(validateLogin);
        
    });

    function checkSavedUsernames(){
        if ($('#txtUsername').val() != '') {
            removeHint();
        }
    }

    if (window.top.location.href != location.href) {
        window.top.location.href = location.href;
    }
</script>

            </div> <!-- content -->
          
        </div> <!-- wrapper -->
        
 
        <script type="text/javascript">

            $(document).ready(function() {                            
                
                /* Enabling tooltips */
                $(".tiptip").tipTip();

                /* Toggling header menus */
                $("#welcome").click(function () {
                    $("#welcome-menu").slideToggle("fast");
                    $(this).toggleClass("activated-welcome");
                    return false;
                });
                
                $("#help").click(function () {
                    $("#help-menu").slideToggle("fast");
                    $(this).toggleClass("activated-help");
                    return false;
                });
                
                $('.panelTrigger').outside('click', function() {
                    $('.panelContainer').stop(true, true).slideUp('fast');
                });                

                /* 
                 * Button hovering effects 
                 * Note: we are not using pure css using :hover because :hover applies to even disabled elements.
                 * The pseudo class :enabled is not supported in IE < 9.
                 */                
                $(document).on({
                    mouseenter: function () {
                        $(this).addClass('hover');                        
                    },
                    mouseleave: function () {
                        $(this).removeClass('hover');                        
                    }

                }, 'input[type=button], input[type=submit], input[type=reset]'); 
  
                /* Fading out main messages */
                $(document).on({
                    click: function() {
                        $(this).parent('div.message').fadeOut("slow");
                    }
                }, '.message a.messageCloseButton');                

                /* Toggling search form: Begins */
                //$(".toggableForm .inner").hide(); // Disabling this makes search forms to be expanded by default.

                $(".toggableForm .toggle").click(function () {
                    $(".toggableForm .inner").slideToggle('slow', function() {
                        if($(this).is(':hidden')) {
                            $('.toggableForm .tiptip').tipTip({content:'Expand for Options'});
                        } else {
                            $('.toggableForm .tiptip').tipTip({content:'Hide Options'});
                        }
                    });
                    $(this).toggleClass("activated");
                });
                /* Toggling search form: Ends */

                /* Enabling/disabling form fields: Begin */
                
                $('form.clickToEditForm input, form.clickToEditForm select, form.clickToEditForm textarea').attr('disabled', 'disabled');
                $('form.clickToEditForm input.calendar').datepicker('disable');
                $('form.clickToEditForm input[type=button]').removeAttr('disabled');
                
                $('form input.editButton').click(function(){
                    $('form.clickToEditForm input, form.clickToEditForm select, form.clickToEditForm textarea').removeAttr('disabled');
                    $('form.clickToEditForm input.calendar').datepicker('enable');
                });
                
                /* Enabling/disabling form fields: End */
                
            });
            
        </script>        

    </body>
    
</html>


Build info: version: '3.11.0', revision: 'e59cfb3', time: '2018-03-11T20:26:55.152Z'
System info: host: 'INHYIZLP12037', ip: '192.168.43.133', os.name: 'Windows 10', os.arch: 'amd64', os.version: '10.0', java.version: '1.8.0_152'
Driver info: driver.version: RemoteWebDriver
	at org.openqa.selenium.remote.ProtocolHandshake.createSession(ProtocolHandshake.java:111)
	at org.openqa.selenium.remote.ProtocolHandshake.createSession(ProtocolHandshake.java:73)
	at org.openqa.selenium.remote.HttpCommandExecutor.execute(HttpCommandExecutor.java:136)
	at org.openqa.selenium.remote.RemoteWebDriver.execute(RemoteWebDriver.java:545)
	at org.openqa.selenium.remote.RemoteWebDriver.startSession(RemoteWebDriver.java:209)
	at org.openqa.selenium.remote.RemoteWebDriver.<init>(RemoteWebDriver.java:132)
	at org.openqa.selenium.remote.RemoteWebDriver.<init>(RemoteWebDriver.java:145)
	at com.wd.pom.OhrmIntPOMRemote.openApplicationinRemote(OhrmIntPOMRemote.java:21)
	at com.ohrm.grid.OhrmAddEmployee_POM_Grid.openApplication(OhrmAddEmployee_POM_Grid.java:16)
	at sun.reflect.NativeMethodAccessorImpl.invoke0(Native Method)
	at sun.reflect.NativeMethodAccessorImpl.invoke(Unknown Source)
	at sun.reflect.DelegatingMethodAccessorImpl.invoke(Unknown Source)
	at java.lang.reflect.Method.invoke(Unknown Source)
	at org.testng.internal.MethodInvocationHelper.invokeMethod(MethodInvocationHelper.java:108)
	at org.testng.internal.Invoker.invokeConfigurationMethod(Invoker.java:523)
	at org.testng.internal.Invoker.invokeConfigurations(Invoker.java:224)
	at org.testng.internal.Invoker.invokeConfigurations(Invoker.java:146)
	at org.testng.internal.TestMethodWorker.invokeBeforeClassMethods(TestMethodWorker.java:166)
	at org.testng.internal.TestMethodWorker.run(TestMethodWorker.java:105)
	at org.testng.TestRunner.privateRun(TestRunner.java:744)
	at org.testng.TestRunner.run(TestRunner.java:602)
	at org.testng.SuiteRunner.runTest(SuiteRunner.java:380)
	at org.testng.SuiteRunner.runSequentially(SuiteRunner.java:375)
	at org.testng.SuiteRunner.privateRun(SuiteRunner.java:340)
	at org.testng.SuiteRunner.run(SuiteRunner.java:289)
	at org.testng.SuiteRunnerWorker.runSuite(SuiteRunnerWorker.java:52)
	at org.testng.SuiteRunnerWorker.run(SuiteRunnerWorker.java:86)
	at org.testng.TestNG.runSuitesSequentially(TestNG.java:1301)
	at org.testng.TestNG.runSuitesLocally(TestNG.java:1226)
	at org.testng.TestNG.runSuites(TestNG.java:1144)
	at org.testng.TestNG.run(TestNG.java:1115)
	at org.apache.maven.surefire.testng.TestNGExecutor.run(TestNGExecutor.java:135)
	at org.apache.maven.surefire.testng.TestNGDirectoryTestSuite.executeSingleClass(TestNGDirectoryTestSuite.java:112)
	at org.apache.maven.surefire.testng.TestNGDirectoryTestSuite.execute(TestNGDirectoryTestSuite.java:99)
	at org.apache.maven.surefire.testng.TestNGProvider.invoke(TestNGProvider.java:146)
	at org.apache.maven.surefire.booter.ForkedBooter.invokeProviderInSameClassLoader(ForkedBooter.java:379)
	at org.apache.maven.surefire.booter.ForkedBooter.runSuitesInProcess(ForkedBooter.java:340)
	at org.apache.maven.surefire.booter.ForkedBooter.execute(ForkedBooter.java:125)
	at org.apache.maven.surefire.booter.ForkedBooter.main(ForkedBooter.java:413)
]]>
    </error>
  </testcase> <!-- openApplication -->
</testsuite> <!-- com.ohrm.grid.OhrmAddEmployee_POM_Grid -->
