<?xml version="1.0" encoding="UTF-8"?>
<!-- Generated by org.testng.reporters.JUnitReportReporter -->
<testsuite skipped="0" hostname="INHYIZLP12037" name="com.tng.ohrm.OhrmAddEmployee_POM" tests="2" failures="0" timestamp="22 Apr 2018 10:21:10 GMT" time="11.905" errors="0">
  <testcase name="AddEmployee" time="7.708" classname="com.tng.ohrm.OhrmAddEmployee_POM"/>
  <testcase name="Login" time="4.197" classname="com.tng.ohrm.OhrmAddEmployee_POM"/>
</testsuite> <!-- com.tng.ohrm.OhrmAddEmployee_POM -->
