<?xml version="1.0" encoding="UTF-8"?>
<!-- Generated by org.testng.reporters.JUnitReportReporter -->
<testsuite skipped="0" hostname="INHYIZLP12037" name="com.tng.basics.TestNGGroups" tests="2" failures="0" timestamp="19 Apr 2018 03:49:51 GMT" time="0.011" errors="0">
  <testcase name="car2" time="0.001" classname="com.tng.basics.TestNGGroups"/>
  <testcase name="car1" time="0.010" classname="com.tng.basics.TestNGGroups"/>
</testsuite> <!-- com.tng.basics.TestNGGroups -->
