<?xml version="1.0" encoding="UTF-8"?>
<!-- Generated by org.testng.reporters.JUnitReportReporter -->
<testsuite skipped="0" hostname="INHYIZLP12037" name="com.tng.ohrm.OhrmAddEmployee_POM_DDT" tests="2" failures="0" timestamp="28 Apr 2018 09:52:38 GMT" time="11.817" errors="0">
  <testcase name="AddEmployee" time="7.817" classname="com.tng.ohrm.OhrmAddEmployee_POM_DDT"/>
  <testcase name="Login" time="4.000" classname="com.tng.ohrm.OhrmAddEmployee_POM_DDT"/>
</testsuite> <!-- com.tng.ohrm.OhrmAddEmployee_POM_DDT -->
