<?xml version="1.0" encoding="UTF-8"?>
<!-- Generated by org.testng.reporters.JUnitReportReporter -->
<testsuite skipped="0" hostname="INHYIZLP12037" name="com.tng.basics.DataProviderOutofClass" tests="2" failures="0" timestamp="16 Apr 2018 11:59:34 GMT" time="0.004" errors="0">
  <testcase name="test" time="0.004" classname="com.tng.basics.DataProviderOutofClass"/>
  <testcase name="test" time="0.000" classname="com.tng.basics.DataProviderOutofClass"/>
</testsuite> <!-- com.tng.basics.DataProviderOutofClass -->
