<?xml version="1.0" encoding="UTF-8"?>
<!-- Generated by org.testng.reporters.JUnitReportReporter -->
<testsuite skipped="0" hostname="INHYIZLP12037" name="com.tng.basics.DataProviderwithinSameClass" tests="2" failures="0" timestamp="19 Apr 2018 03:18:15 GMT" time="0.007" errors="0">
  <testcase name="test" time="0.007" classname="com.tng.basics.DataProviderwithinSameClass"/>
  <testcase name="test" time="0.000" classname="com.tng.basics.DataProviderwithinSameClass"/>
</testsuite> <!-- com.tng.basics.DataProviderwithinSameClass -->
