<?xml version="1.0" encoding="UTF-8"?>
<!-- Generated by org.testng.reporters.JUnitReportReporter -->
<testsuite skipped="0" hostname="INHYIZLP12037" name="com.tng.basics.Test1" tests="2" failures="0" timestamp="20 May 2018 10:02:07 GMT" time="0.012" errors="0">
  <testcase name="demo1" time="0.008" classname="com.tng.basics.Test1"/>
  <testcase name="demo" time="0.004" classname="com.tng.basics.Test1"/>
</testsuite> <!-- com.tng.basics.Test1 -->
