<?xml version="1.0" encoding="UTF-8"?>
<!-- Generated by org.testng.reporters.JUnitReportReporter -->
<testsuite skipped="0" hostname="INHYIZLP12037" name="com.tng.basics.NewTest" tests="1" failures="0" timestamp="16 Apr 2018 11:38:26 GMT" time="0.004" errors="0">
  <testcase name="newTest" time="0.004" classname="com.tng.basics.NewTest"/>
</testsuite> <!-- com.tng.basics.NewTest -->
