<?xml version="1.0" encoding="UTF-8"?>
<!-- Generated by org.testng.reporters.JUnitReportReporter -->
<testsuite skipped="0" hostname="INHYIZLP12037" name="com.tng.ohrm.OhrmAddEmployee" tests="2" failures="0" timestamp="22 Apr 2018 10:15:02 GMT" time="10.902" errors="0">
  <testcase name="AddEmployee" time="5.804" classname="com.tng.ohrm.OhrmAddEmployee"/>
  <testcase name="Login" time="5.098" classname="com.tng.ohrm.OhrmAddEmployee"/>
</testsuite> <!-- com.tng.ohrm.OhrmAddEmployee -->
