<?xml version="1.0" encoding="UTF-8"?>
<!-- Generated by org.testng.reporters.JUnitReportReporter -->
<testsuite skipped="0" hostname="INHYIZLP12037" name="com.tng.basics.ExpectedConditionTest" tests="1" failures="0" timestamp="22 May 2018 15:54:04 GMT" time="0.009" errors="0">
  <testcase name="conversion" time="0.009" classname="com.tng.basics.ExpectedConditionTest"/>
</testsuite> <!-- com.tng.basics.ExpectedConditionTest -->
