<?xml version="1.0" encoding="UTF-8"?>
<!-- Generated by org.testng.reporters.JUnitReportReporter -->
<testsuite skipped="0" hostname="INHYIZLP12037" name="com.tng.basics.InvocationCountTest" tests="10" failures="0" timestamp="22 May 2018 15:35:20 GMT" time="0.028" errors="0">
  <testcase name="sum" time="0.001" classname="com.tng.basics.InvocationCountTest"/>
  <testcase name="sum" time="0.001" classname="com.tng.basics.InvocationCountTest"/>
  <testcase name="sum" time="0.004" classname="com.tng.basics.InvocationCountTest"/>
  <testcase name="sum" time="0.013" classname="com.tng.basics.InvocationCountTest"/>
  <testcase name="sum" time="0.001" classname="com.tng.basics.InvocationCountTest"/>
  <testcase name="sum" time="0.004" classname="com.tng.basics.InvocationCountTest"/>
  <testcase name="sum" time="0.000" classname="com.tng.basics.InvocationCountTest"/>
  <testcase name="sum" time="0.002" classname="com.tng.basics.InvocationCountTest"/>
  <testcase name="sum" time="0.001" classname="com.tng.basics.InvocationCountTest"/>
  <testcase name="sum" time="0.001" classname="com.tng.basics.InvocationCountTest"/>
</testsuite> <!-- com.tng.basics.InvocationCountTest -->
